<?xml version="1.0" encoding="UTF-8"?>
<testsuite xmlns:xsi="http://www.w3.org/2001/XMLSchema-instance" xsi:noNamespaceSchemaLocation="https://maven.apache.org/surefire/maven-surefire-plugin/xsd/surefire-test-report-3.0.xsd" version="3.0" name="PostmanEchoTest" time="8.859" tests="4" errors="0" skipped="0" failures="0">
  <properties>
[...]
</properties>
  <testcase name="testDeleteRequest" classname="PostmanEchoTest" time="4.046"/>
  <testcase name="testPutRequest" classname="PostmanEchoTest" time="1.274"/>
  <testcase name="testPostRequest" classname="PostmanEchoTest" time="1.891"/>
  <testcase name="testGetRequest" classname="PostmanEchoTest" time="1.587"/>
</testsuite>